DEBUG 2020-06-16 20:35:08 Program:65 - Начало работы программы 
DEBUG 2020-06-16 20:35:08 Program:68 - Ввод пользователем номера программы 
WARN 2020-06-16 20:35:24 Program:79 - Введено некорректное значение 
DEBUG 2020-06-16 20:35:24 Program:68 - Ввод пользователем номера программы 
INFO 2020-06-16 20:35:28 Program:82 - Выбрана программа: 1 
DEBUG 2020-06-16 20:35:28 Program:84 - Ввод пользователем способа чтения данных 
WARN 2020-06-16 20:35:31 Program:95 - Введено некорректное значение 
DEBUG 2020-06-16 20:35:31 Program:84 - Ввод пользователем способа чтения данных 
DEBUG 2020-06-16 20:35:34 Program:106 - Запуск подпрограммы 1 
DEBUG 2020-06-16 20:35:34 Program:146 - Начало считывания данных из консоли 
INFO 2020-06-16 20:35:42 Program:214 - A(1,1); B(3,3); C(0,0); 
INFO 2020-06-16 20:35:42 Program:215 - Начало вычислений 
DEBUG 2020-06-16 20:35:42 Program:228 - Точка С расположена ближе к A, чем точка B 
DEBUG 2020-06-16 20:35:42 Program:230 - Завершение работы подпрограммы 
DEBUG 2020-06-16 20:35:42 Program:231 - Перенаправление пользователя на выбор повторного выполнения программы 
DEBUG 2020-06-16 20:35:42 Program:127 - Выбор пользователем повторного выполнения программы 
DEBUG 2020-06-16 20:36:11 Program:68 - Ввод пользователем номера программы 
INFO 2020-06-16 20:36:15 Program:82 - Выбрана программа: 1 
DEBUG 2020-06-16 20:36:15 Program:84 - Ввод пользователем способа чтения данных 
DEBUG 2020-06-16 20:36:16 Program:106 - Запуск подпрограммы 1 
DEBUG 2020-06-16 20:36:16 Program:146 - Начало считывания данных из консоли 
FATAL 2020-06-16 20:36:19 Program:155 - Введено недопустимое значение:  
java.util.InputMismatchException: null
	at java.util.Scanner.throwFor(Scanner.java:939) ~[?:?]
	at java.util.Scanner.next(Scanner.java:1594) ~[?:?]
	at java.util.Scanner.nextInt(Scanner.java:2258) ~[?:?]
	at java.util.Scanner.nextInt(Scanner.java:2212) ~[?:?]
	at ru.bstu.it32.nasypalov.lab2.First.Positioning(First.java:151) [lab2/:?]
	at ru.bstu.it32.nasypalov.lab2.Program.main(Program.java:107) [lab2/:?]
DEBUG 2020-06-16 20:36:19 Program:156 - Завершение работы программы 
